[0.387s] Invoking command in '/root/rover_waypoint': PYTHONPATH=/root/rover_waypoint/install/rover_waypoint/lib/python3.8/site-packages:${PYTHONPATH} /usr/bin/python3 setup.py egg_info --egg-base build/rover_waypoint build --build-base /root/rover_waypoint/build/rover_waypoint/build install --prefix /root/rover_waypoint/install/rover_waypoint --record /root/rover_waypoint/build/rover_waypoint/install.log --single-version-externally-managed
[0.781s] running egg_info
[0.782s] writing build/rover_waypoint/rover_waypoint.egg-info/PKG-INFO
[0.782s] writing dependency_links to build/rover_waypoint/rover_waypoint.egg-info/dependency_links.txt
[0.782s] writing entry points to build/rover_waypoint/rover_waypoint.egg-info/entry_points.txt
[0.783s] writing requirements to build/rover_waypoint/rover_waypoint.egg-info/requires.txt
[0.783s] writing top-level names to build/rover_waypoint/rover_waypoint.egg-info/top_level.txt
[0.787s] reading manifest file 'build/rover_waypoint/rover_waypoint.egg-info/SOURCES.txt'
[0.788s] writing manifest file 'build/rover_waypoint/rover_waypoint.egg-info/SOURCES.txt'
[0.788s] running build
[0.789s] running build_py
[0.789s] copying rover_waypoint/hello.py -> /root/rover_waypoint/build/rover_waypoint/build/lib/rover_waypoint
[0.789s] running install
[0.790s] running install_lib
[0.791s] copying /root/rover_waypoint/build/rover_waypoint/build/lib/rover_waypoint/hello.py -> /root/rover_waypoint/install/rover_waypoint/lib/python3.8/site-packages/rover_waypoint
[0.792s] byte-compiling /root/rover_waypoint/install/rover_waypoint/lib/python3.8/site-packages/rover_waypoint/hello.py to hello.cpython-38.pyc
[0.792s] running install_data
[0.793s] copying package.xml -> /root/rover_waypoint/install/rover_waypoint/share/rover_waypoint
[0.793s] running install_egg_info
[0.795s] removing '/root/rover_waypoint/install/rover_waypoint/lib/python3.8/site-packages/rover_waypoint-0.0.0-py3.8.egg-info' (and everything under it)
[0.795s] Copying build/rover_waypoint/rover_waypoint.egg-info to /root/rover_waypoint/install/rover_waypoint/lib/python3.8/site-packages/rover_waypoint-0.0.0-py3.8.egg-info
[0.796s] running install_scripts
[0.822s] Installing hello_node script to /root/rover_waypoint/install/rover_waypoint/lib/rover_waypoint
[0.823s] writing list of installed files to '/root/rover_waypoint/build/rover_waypoint/install.log'
[0.849s] Invoked command in '/root/rover_waypoint' returned '0': PYTHONPATH=/root/rover_waypoint/install/rover_waypoint/lib/python3.8/site-packages:${PYTHONPATH} /usr/bin/python3 setup.py egg_info --egg-base build/rover_waypoint build --build-base /root/rover_waypoint/build/rover_waypoint/build install --prefix /root/rover_waypoint/install/rover_waypoint --record /root/rover_waypoint/build/rover_waypoint/install.log --single-version-externally-managed
