running egg_info
writing build/rover_waypoint/rover_waypoint.egg-info/PKG-INFO
writing dependency_links to build/rover_waypoint/rover_waypoint.egg-info/dependency_links.txt
writing entry points to build/rover_waypoint/rover_waypoint.egg-info/entry_points.txt
writing requirements to build/rover_waypoint/rover_waypoint.egg-info/requires.txt
writing top-level names to build/rover_waypoint/rover_waypoint.egg-info/top_level.txt
reading manifest file 'build/rover_waypoint/rover_waypoint.egg-info/SOURCES.txt'
writing manifest file 'build/rover_waypoint/rover_waypoint.egg-info/SOURCES.txt'
running build
running build_py
copying rover_waypoint/safety.py -> /root/px4_ros_com_ros2/src/rover_waypoint/build/rover_waypoint/build/lib/rover_waypoint
copying rover_waypoint/move_waypoint.py -> /root/px4_ros_com_ros2/src/rover_waypoint/build/rover_waypoint/build/lib/rover_waypoint
running install
running install_lib
copying /root/px4_ros_com_ros2/src/rover_waypoint/build/rover_waypoint/build/lib/rover_waypoint/safety.py -> /root/px4_ros_com_ros2/src/rover_waypoint/install/rover_waypoint/lib/python3.8/site-packages/rover_waypoint
copying /root/px4_ros_com_ros2/src/rover_waypoint/build/rover_waypoint/build/lib/rover_waypoint/move_waypoint.py -> /root/px4_ros_com_ros2/src/rover_waypoint/install/rover_waypoint/lib/python3.8/site-packages/rover_waypoint
byte-compiling /root/px4_ros_com_ros2/src/rover_waypoint/install/rover_waypoint/lib/python3.8/site-packages/rover_waypoint/safety.py to safety.cpython-38.pyc
byte-compiling /root/px4_ros_com_ros2/src/rover_waypoint/install/rover_waypoint/lib/python3.8/site-packages/rover_waypoint/move_waypoint.py to move_waypoint.cpython-38.pyc
running install_data
running install_egg_info
removing '/root/px4_ros_com_ros2/src/rover_waypoint/install/rover_waypoint/lib/python3.8/site-packages/rover_waypoint-0.0.0-py3.8.egg-info' (and everything under it)
Copying build/rover_waypoint/rover_waypoint.egg-info to /root/px4_ros_com_ros2/src/rover_waypoint/install/rover_waypoint/lib/python3.8/site-packages/rover_waypoint-0.0.0-py3.8.egg-info
running install_scripts
Installing hello_node script to /root/px4_ros_com_ros2/src/rover_waypoint/install/rover_waypoint/lib/rover_waypoint
Installing joystick_safety script to /root/px4_ros_com_ros2/src/rover_waypoint/install/rover_waypoint/lib/rover_waypoint
Installing move_forward script to /root/px4_ros_com_ros2/src/rover_waypoint/install/rover_waypoint/lib/rover_waypoint
Installing move_waypoint script to /root/px4_ros_com_ros2/src/rover_waypoint/install/rover_waypoint/lib/rover_waypoint
writing list of installed files to '/root/px4_ros_com_ros2/src/rover_waypoint/build/rover_waypoint/install.log'
