[0.440s] Invoking command in '/root/px4_ros_com_ros2/src/rover_waypoint': PYTHONPATH=/root/px4_ros_com_ros2/src/rover_waypoint/install/rover_waypoint/lib/python3.8/site-packages:${PYTHONPATH} /usr/bin/python3 setup.py egg_info --egg-base build/rover_waypoint build --build-base /root/px4_ros_com_ros2/src/rover_waypoint/build/rover_waypoint/build install --prefix /root/px4_ros_com_ros2/src/rover_waypoint/install/rover_waypoint --record /root/px4_ros_com_ros2/src/rover_waypoint/build/rover_waypoint/install.log --single-version-externally-managed
[0.814s] running egg_info
[0.814s] writing build/rover_waypoint/rover_waypoint.egg-info/PKG-INFO
[0.815s] writing dependency_links to build/rover_waypoint/rover_waypoint.egg-info/dependency_links.txt
[0.816s] writing entry points to build/rover_waypoint/rover_waypoint.egg-info/entry_points.txt
[0.816s] writing requirements to build/rover_waypoint/rover_waypoint.egg-info/requires.txt
[0.816s] writing top-level names to build/rover_waypoint/rover_waypoint.egg-info/top_level.txt
[0.820s] reading manifest file 'build/rover_waypoint/rover_waypoint.egg-info/SOURCES.txt'
[0.821s] writing manifest file 'build/rover_waypoint/rover_waypoint.egg-info/SOURCES.txt'
[0.822s] running build
[0.822s] running build_py
[0.822s] copying rover_waypoint/safety.py -> /root/px4_ros_com_ros2/src/rover_waypoint/build/rover_waypoint/build/lib/rover_waypoint
[0.822s] copying rover_waypoint/move_waypoint.py -> /root/px4_ros_com_ros2/src/rover_waypoint/build/rover_waypoint/build/lib/rover_waypoint
[0.822s] running install
[0.823s] running install_lib
[0.825s] copying /root/px4_ros_com_ros2/src/rover_waypoint/build/rover_waypoint/build/lib/rover_waypoint/safety.py -> /root/px4_ros_com_ros2/src/rover_waypoint/install/rover_waypoint/lib/python3.8/site-packages/rover_waypoint
[0.825s] copying /root/px4_ros_com_ros2/src/rover_waypoint/build/rover_waypoint/build/lib/rover_waypoint/move_waypoint.py -> /root/px4_ros_com_ros2/src/rover_waypoint/install/rover_waypoint/lib/python3.8/site-packages/rover_waypoint
[0.825s] byte-compiling /root/px4_ros_com_ros2/src/rover_waypoint/install/rover_waypoint/lib/python3.8/site-packages/rover_waypoint/safety.py to safety.cpython-38.pyc
[0.826s] byte-compiling /root/px4_ros_com_ros2/src/rover_waypoint/install/rover_waypoint/lib/python3.8/site-packages/rover_waypoint/move_waypoint.py to move_waypoint.cpython-38.pyc
[0.828s] running install_data
[0.829s] running install_egg_info
[0.831s] removing '/root/px4_ros_com_ros2/src/rover_waypoint/install/rover_waypoint/lib/python3.8/site-packages/rover_waypoint-0.0.0-py3.8.egg-info' (and everything under it)
[0.831s] Copying build/rover_waypoint/rover_waypoint.egg-info to /root/px4_ros_com_ros2/src/rover_waypoint/install/rover_waypoint/lib/python3.8/site-packages/rover_waypoint-0.0.0-py3.8.egg-info
[0.832s] running install_scripts
[0.857s] Installing hello_node script to /root/px4_ros_com_ros2/src/rover_waypoint/install/rover_waypoint/lib/rover_waypoint
[0.857s] Installing joystick_safety script to /root/px4_ros_com_ros2/src/rover_waypoint/install/rover_waypoint/lib/rover_waypoint
[0.857s] Installing move_forward script to /root/px4_ros_com_ros2/src/rover_waypoint/install/rover_waypoint/lib/rover_waypoint
[0.858s] Installing move_waypoint script to /root/px4_ros_com_ros2/src/rover_waypoint/install/rover_waypoint/lib/rover_waypoint
[0.858s] writing list of installed files to '/root/px4_ros_com_ros2/src/rover_waypoint/build/rover_waypoint/install.log'
[0.882s] Invoked command in '/root/px4_ros_com_ros2/src/rover_waypoint' returned '0': PYTHONPATH=/root/px4_ros_com_ros2/src/rover_waypoint/install/rover_waypoint/lib/python3.8/site-packages:${PYTHONPATH} /usr/bin/python3 setup.py egg_info --egg-base build/rover_waypoint build --build-base /root/px4_ros_com_ros2/src/rover_waypoint/build/rover_waypoint/build install --prefix /root/px4_ros_com_ros2/src/rover_waypoint/install/rover_waypoint --record /root/px4_ros_com_ros2/src/rover_waypoint/build/rover_waypoint/install.log --single-version-externally-managed
