[1.750s] DEBUG:colcon:Command line arguments: ['/usr/bin/colcon', 'build']
[1.750s] DEBUG:colcon:Parsed command line arguments: Namespace(ament_cmake_args=None, base_paths=['.'], build_base='build', catkin_cmake_args=None, catkin_skip_building_tests=False, cmake_args=None, cmake_clean_cache=False, cmake_clean_first=False, cmake_force_configure=False, cmake_target=None, cmake_target_skip_unavailable=False, continue_on_error=False, event_handlers=None, executor='parallel', ignore_user_meta=False, install_base='install', log_base=None, log_level=None, main=<bound method BuildVerb.main of <colcon_core.verb.build.BuildVerb object at 0x7f26a6cb4a90>>, merge_install=False, metas=['./colcon.meta'], mixin=None, mixin_files=None, mixin_verb=('build',), packages_above=None, packages_above_and_dependencies=None, packages_above_depth=None, packages_end=None, packages_ignore=None, packages_ignore_regex=None, packages_select=None, packages_select_build_failed=False, packages_select_by_dep=None, packages_select_regex=None, packages_select_test_failures=False, packages_skip=None, packages_skip_build_finished=False, packages_skip_by_dep=None, packages_skip_regex=None, packages_skip_test_passed=False, packages_skip_up_to=None, packages_start=None, packages_up_to=None, packages_up_to_regex=None, parallel_workers=8, paths=None, symlink_install=False, test_result_base=None, verb_extension=<colcon_core.verb.build.BuildVerb object at 0x7f26a6cb4a90>, verb_name='build', verb_parser=<colcon_mixin.mixin.mixin_argument.MixinArgumentDecorator object at 0x7f26a6cc00a0>)
[1.858s] Level 1:colcon.colcon_core.package_discovery:discover_packages(colcon_meta) check parameters
[1.863s] INFO:colcon.colcon_metadata.package_discovery.colcon_meta:Using configuration from '/root/.colcon/metadata/default/Gazebo.meta'
[1.866s] INFO:colcon.colcon_metadata.package_discovery.colcon_meta:Using configuration from '/root/.colcon/metadata/default/fastrtps.meta'
[1.866s] Level 1:colcon.colcon_core.package_discovery:discover_packages(recursive) check parameters
[1.867s] Level 1:colcon.colcon_core.package_discovery:discover_packages(ignore) check parameters
[1.867s] Level 1:colcon.colcon_core.package_discovery:discover_packages(path) check parameters
[1.867s] Level 1:colcon.colcon_core.package_discovery:discover_packages(colcon_meta) discover
[1.867s] Level 1:colcon.colcon_core.package_discovery:discover_packages(recursive) discover
[1.867s] INFO:colcon.colcon_core.package_discovery:Crawling recursively for packages in '/root/rover_waypoint'
[1.868s] Level 1:colcon.colcon_core.package_identification:_identify(.) by extensions ['ignore', 'ignore_ament_install']
[1.868s] Level 1:colcon.colcon_core.package_identification:_identify(.) by extension 'ignore'
[1.869s] Level 1:colcon.colcon_core.package_identification:_identify(.) by extension 'ignore_ament_install'
[1.869s] Level 1:colcon.colcon_core.package_identification:_identify(.) by extensions ['colcon_pkg']
[1.869s] Level 1:colcon.colcon_core.package_identification:_identify(.) by extension 'colcon_pkg'
[1.870s] Level 1:colcon.colcon_core.package_identification:_identify(.) by extensions ['colcon_meta']
[1.870s] Level 1:colcon.colcon_core.package_identification:_identify(.) by extension 'colcon_meta'
[1.870s] Level 1:colcon.colcon_core.package_identification:_identify(.) by extensions ['ros']
[1.870s] Level 1:colcon.colcon_core.package_identification:_identify(.) by extension 'ros'
[1.917s] DEBUG:colcon.colcon_core.package_identification:Package '.' with type 'ros.ament_python' and name 'rover_waypoint'
[1.917s] Level 1:colcon.colcon_core.package_discovery:discover_packages(recursive) using defaults
[1.917s] Level 1:colcon.colcon_core.package_discovery:discover_packages(ignore) discover
[1.917s] Level 1:colcon.colcon_core.package_discovery:discover_packages(ignore) using defaults
[1.917s] Level 1:colcon.colcon_core.package_discovery:discover_packages(path) discover
[1.917s] Level 1:colcon.colcon_core.package_discovery:discover_packages(path) using defaults
[2.138s] Level 5:colcon.colcon_core.verb:set package 'rover_waypoint' build argument 'cmake_args' from command line to 'None'
[2.138s] Level 5:colcon.colcon_core.verb:set package 'rover_waypoint' build argument 'cmake_target' from command line to 'None'
[2.138s] Level 5:colcon.colcon_core.verb:set package 'rover_waypoint' build argument 'cmake_target_skip_unavailable' from command line to 'False'
[2.138s] Level 5:colcon.colcon_core.verb:set package 'rover_waypoint' build argument 'cmake_clean_cache' from command line to 'False'
[2.139s] Level 5:colcon.colcon_core.verb:set package 'rover_waypoint' build argument 'cmake_clean_first' from command line to 'False'
[2.139s] Level 5:colcon.colcon_core.verb:set package 'rover_waypoint' build argument 'cmake_force_configure' from command line to 'False'
[2.139s] Level 5:colcon.colcon_core.verb:set package 'rover_waypoint' build argument 'ament_cmake_args' from command line to 'None'
[2.139s] Level 5:colcon.colcon_core.verb:set package 'rover_waypoint' build argument 'catkin_cmake_args' from command line to 'None'
[2.139s] Level 5:colcon.colcon_core.verb:set package 'rover_waypoint' build argument 'catkin_skip_building_tests' from command line to 'False'
[2.139s] DEBUG:colcon.colcon_core.verb:Building package 'rover_waypoint' with the following arguments: {'ament_cmake_args': None, 'build_base': '/root/rover_waypoint/build/rover_waypoint', 'catkin_cmake_args': None, 'catkin_skip_building_tests': False, 'cmake_args': None, 'cmake_clean_cache': False, 'cmake_clean_first': False, 'cmake_force_configure': False, 'cmake_target': None, 'cmake_target_skip_unavailable': False, 'install_base': '/root/rover_waypoint/install/rover_waypoint', 'merge_install': False, 'path': '/root/rover_waypoint', 'symlink_install': False, 'test_result_base': None}
[2.140s] INFO:colcon.colcon_core.executor:Executing jobs using 'parallel' executor
[2.146s] DEBUG:colcon.colcon_parallel_executor.executor.parallel:run_until_complete
[2.147s] INFO:colcon.colcon_ros.task.ament_python.build:Building ROS package in '/root/rover_waypoint' with build type 'ament_python'
[2.147s] Level 1:colcon.colcon_core.shell:create_environment_hook('rover_waypoint', 'ament_prefix_path')
[2.160s] INFO:colcon.colcon_core.plugin_system:Skipping extension 'colcon_core.shell.bat': Not used on non-Windows systems
[2.160s] INFO:colcon.colcon_core.shell:Creating environment hook '/root/rover_waypoint/install/rover_waypoint/share/rover_waypoint/hook/ament_prefix_path.ps1'
[2.162s] INFO:colcon.colcon_core.shell:Creating environment descriptor '/root/rover_waypoint/install/rover_waypoint/share/rover_waypoint/hook/ament_prefix_path.dsv'
[2.163s] INFO:colcon.colcon_core.shell:Creating environment hook '/root/rover_waypoint/install/rover_waypoint/share/rover_waypoint/hook/ament_prefix_path.sh'
[2.165s] INFO:colcon.colcon_core.shell:Skip shell extension 'powershell' for command environment: Not usable outside of PowerShell
[2.165s] DEBUG:colcon.colcon_core.shell:Skip shell extension 'dsv' for command environment
[2.171s] DEBUG:colcon.colcon_core.shell:Ignoring prefix path '/opt/ros/galactic'
[2.694s] INFO:colcon.colcon_core.task.python.build:Building Python package in '/root/rover_waypoint'
[2.697s] INFO:colcon.colcon_core.shell:Skip shell extension 'powershell' for command environment: Not usable outside of PowerShell
[2.697s] DEBUG:colcon.colcon_core.shell:Skip shell extension 'dsv' for command environment
[2.702s] DEBUG:colcon.colcon_core.shell:Ignoring prefix path '/opt/ros/galactic'
[2.710s] DEBUG:colcon.colcon_core.event_handler.log_command:Invoking command in '/root/rover_waypoint': PYTHONPATH=/root/rover_waypoint/install/rover_waypoint/lib/python3.8/site-packages:${PYTHONPATH} /usr/bin/python3 setup.py egg_info --egg-base build/rover_waypoint build --build-base /root/rover_waypoint/build/rover_waypoint/build install --prefix /root/rover_waypoint/install/rover_waypoint --record /root/rover_waypoint/build/rover_waypoint/install.log --single-version-externally-managed
[3.408s] DEBUG:colcon.colcon_core.event_handler.log_command:Invoked command in '/root/rover_waypoint' returned '0': PYTHONPATH=/root/rover_waypoint/install/rover_waypoint/lib/python3.8/site-packages:${PYTHONPATH} /usr/bin/python3 setup.py egg_info --egg-base build/rover_waypoint build --build-base /root/rover_waypoint/build/rover_waypoint/build install --prefix /root/rover_waypoint/install/rover_waypoint --record /root/rover_waypoint/build/rover_waypoint/install.log --single-version-externally-managed
[3.444s] Level 1:colcon.colcon_core.environment:checking '/root/rover_waypoint/install/rover_waypoint' for CMake module files
[3.446s] Level 1:colcon.colcon_core.environment:checking '/root/rover_waypoint/install/rover_waypoint' for CMake config files
[3.448s] Level 1:colcon.colcon_core.environment:checking '/root/rover_waypoint/install/rover_waypoint/lib'
[3.449s] Level 1:colcon.colcon_core.environment:checking '/root/rover_waypoint/install/rover_waypoint/bin'
[3.450s] Level 1:colcon.colcon_core.environment:checking '/root/rover_waypoint/install/rover_waypoint/lib/pkgconfig/rover_waypoint.pc'
[3.450s] Level 1:colcon.colcon_core.environment:checking '/root/rover_waypoint/install/rover_waypoint/lib/python3.8/site-packages'
[3.450s] Level 1:colcon.colcon_core.shell:create_environment_hook('rover_waypoint', 'pythonpath')
[3.453s] INFO:colcon.colcon_core.shell:Creating environment hook '/root/rover_waypoint/install/rover_waypoint/share/rover_waypoint/hook/pythonpath.ps1'
[3.457s] INFO:colcon.colcon_core.shell:Creating environment descriptor '/root/rover_waypoint/install/rover_waypoint/share/rover_waypoint/hook/pythonpath.dsv'
[3.458s] INFO:colcon.colcon_core.shell:Creating environment hook '/root/rover_waypoint/install/rover_waypoint/share/rover_waypoint/hook/pythonpath.sh'
[3.459s] Level 1:colcon.colcon_core.environment:create_environment_scripts_only(rover_waypoint)
[3.461s] INFO:colcon.colcon_core.shell:Creating package script '/root/rover_waypoint/install/rover_waypoint/share/rover_waypoint/package.ps1'
[3.465s] INFO:colcon.colcon_core.shell:Creating package descriptor '/root/rover_waypoint/install/rover_waypoint/share/rover_waypoint/package.dsv'
[3.467s] INFO:colcon.colcon_core.shell:Creating package script '/root/rover_waypoint/install/rover_waypoint/share/rover_waypoint/package.sh'
[3.470s] INFO:colcon.colcon_core.shell:Creating package script '/root/rover_waypoint/install/rover_waypoint/share/rover_waypoint/package.bash'
[3.473s] INFO:colcon.colcon_core.shell:Creating package script '/root/rover_waypoint/install/rover_waypoint/share/rover_waypoint/package.zsh'
[3.475s] Level 1:colcon.colcon_core.environment:create_file_with_runtime_dependencies(/root/rover_waypoint/install/rover_waypoint/share/colcon-core/packages/rover_waypoint)
[3.476s] DEBUG:colcon.colcon_parallel_executor.executor.parallel:closing loop
[3.476s] DEBUG:colcon.colcon_parallel_executor.executor.parallel:loop closed
[3.476s] DEBUG:colcon.colcon_parallel_executor.executor.parallel:run_until_complete finished with '0'
[3.477s] DEBUG:colcon.colcon_core.event_reactor:joining thread
[3.672s] INFO:colcon.colcon_core.plugin_system:Skipping extension 'colcon_notification.desktop_notification.notify_send': Could not find 'notify-send'
[3.673s] INFO:colcon.colcon_core.plugin_system:Skipping extension 'colcon_notification.desktop_notification.terminal_notifier': Not used on non-Darwin systems
[3.673s] INFO:colcon.colcon_core.plugin_system:Skipping extension 'colcon_notification.desktop_notification.win32': Not used on non-Windows systems
[3.673s] INFO:colcon.colcon_notification.desktop_notification:Sending desktop notification using 'notify2'
[3.777s] DEBUG:colcon.colcon_notification.desktop_notification.notify2:Failed to initialize notify2: org.freedesktop.DBus.Error.Spawn.ExecFailed: /usr/bin/dbus-launch terminated abnormally without any error message
[3.778s] DEBUG:colcon.colcon_core.event_reactor:joined thread
[3.784s] INFO:colcon.colcon_core.shell:Creating prefix script '/root/rover_waypoint/install/local_setup.ps1'
[3.790s] INFO:colcon.colcon_core.shell:Creating prefix util module '/root/rover_waypoint/install/_local_setup_util_ps1.py'
[3.798s] INFO:colcon.colcon_core.shell:Creating prefix chain script '/root/rover_waypoint/install/setup.ps1'
[3.811s] INFO:colcon.colcon_core.shell:Creating prefix script '/root/rover_waypoint/install/local_setup.sh'
[3.813s] INFO:colcon.colcon_core.shell:Creating prefix util module '/root/rover_waypoint/install/_local_setup_util_sh.py'
[3.814s] INFO:colcon.colcon_core.shell:Creating prefix chain script '/root/rover_waypoint/install/setup.sh'
[3.821s] INFO:colcon.colcon_core.shell:Creating prefix script '/root/rover_waypoint/install/local_setup.bash'
[3.823s] INFO:colcon.colcon_core.shell:Creating prefix chain script '/root/rover_waypoint/install/setup.bash'
[3.828s] INFO:colcon.colcon_core.shell:Creating prefix script '/root/rover_waypoint/install/local_setup.zsh'
[3.829s] INFO:colcon.colcon_core.shell:Creating prefix chain script '/root/rover_waypoint/install/setup.zsh'
