running egg_info
creating build/rover_waypoint/rover_waypoint.egg-info
writing build/rover_waypoint/rover_waypoint.egg-info/PKG-INFO
writing dependency_links to build/rover_waypoint/rover_waypoint.egg-info/dependency_links.txt
writing entry points to build/rover_waypoint/rover_waypoint.egg-info/entry_points.txt
writing requirements to build/rover_waypoint/rover_waypoint.egg-info/requires.txt
writing top-level names to build/rover_waypoint/rover_waypoint.egg-info/top_level.txt
writing manifest file 'build/rover_waypoint/rover_waypoint.egg-info/SOURCES.txt'
reading manifest file 'build/rover_waypoint/rover_waypoint.egg-info/SOURCES.txt'
writing manifest file 'build/rover_waypoint/rover_waypoint.egg-info/SOURCES.txt'
running build
running build_py
creating /root/rover_waypoint/build/rover_waypoint/build
creating /root/rover_waypoint/build/rover_waypoint/build/lib
creating /root/rover_waypoint/build/rover_waypoint/build/lib/rover_waypoint
copying rover_waypoint/__init__.py -> /root/rover_waypoint/build/rover_waypoint/build/lib/rover_waypoint
running install
running install_lib
creating /root/rover_waypoint/install/rover_waypoint/lib/python3.8/site-packages/rover_waypoint
copying /root/rover_waypoint/build/rover_waypoint/build/lib/rover_waypoint/__init__.py -> /root/rover_waypoint/install/rover_waypoint/lib/python3.8/site-packages/rover_waypoint
byte-compiling /root/rover_waypoint/install/rover_waypoint/lib/python3.8/site-packages/rover_waypoint/__init__.py to __init__.cpython-38.pyc
running install_data
creating /root/rover_waypoint/install/rover_waypoint/share/ament_index
creating /root/rover_waypoint/install/rover_waypoint/share/ament_index/resource_index
creating /root/rover_waypoint/install/rover_waypoint/share/ament_index/resource_index/packages
copying resource/rover_waypoint -> /root/rover_waypoint/install/rover_waypoint/share/ament_index/resource_index/packages
copying package.xml -> /root/rover_waypoint/install/rover_waypoint/share/rover_waypoint
running install_egg_info
Copying build/rover_waypoint/rover_waypoint.egg-info to /root/rover_waypoint/install/rover_waypoint/lib/python3.8/site-packages/rover_waypoint-0.0.0-py3.8.egg-info
running install_scripts
writing list of installed files to '/root/rover_waypoint/build/rover_waypoint/install.log'
