[0.507s] DEBUG:colcon:Command line arguments: ['/usr/bin/colcon', 'build']
[0.507s] DEBUG:colcon:Parsed command line arguments: Namespace(ament_cmake_args=None, base_paths=['.'], build_base='build', catkin_cmake_args=None, catkin_skip_building_tests=False, cmake_args=None, cmake_clean_cache=False, cmake_clean_first=False, cmake_force_configure=False, cmake_target=None, cmake_target_skip_unavailable=False, continue_on_error=False, event_handlers=None, executor='parallel', ignore_user_meta=False, install_base='install', log_base=None, log_level=None, main=<bound method BuildVerb.main of <colcon_core.verb.build.BuildVerb object at 0x7faf045d1c40>>, merge_install=False, metas=['./colcon.meta'], mixin=None, mixin_files=None, mixin_verb=('build',), packages_above=None, packages_above_and_dependencies=None, packages_above_depth=None, packages_end=None, packages_ignore=None, packages_ignore_regex=None, packages_select=None, packages_select_build_failed=False, packages_select_by_dep=None, packages_select_regex=None, packages_select_test_failures=False, packages_skip=None, packages_skip_build_finished=False, packages_skip_by_dep=None, packages_skip_regex=None, packages_skip_test_passed=False, packages_skip_up_to=None, packages_start=None, packages_up_to=None, packages_up_to_regex=None, parallel_workers=8, paths=None, symlink_install=False, test_result_base=None, verb_extension=<colcon_core.verb.build.BuildVerb object at 0x7faf045d1c40>, verb_name='build', verb_parser=<colcon_mixin.mixin.mixin_argument.MixinArgumentDecorator object at 0x7faf045de250>)
[0.514s] Level 1:colcon.colcon_core.package_discovery:discover_packages(colcon_meta) check parameters
[0.516s] INFO:colcon.colcon_metadata.package_discovery.colcon_meta:Using configuration from '/root/.colcon/metadata/default/Gazebo.meta'
[0.517s] INFO:colcon.colcon_metadata.package_discovery.colcon_meta:Using configuration from '/root/.colcon/metadata/default/fastrtps.meta'
[0.517s] Level 1:colcon.colcon_core.package_discovery:discover_packages(recursive) check parameters
[0.517s] Level 1:colcon.colcon_core.package_discovery:discover_packages(ignore) check parameters
[0.517s] Level 1:colcon.colcon_core.package_discovery:discover_packages(path) check parameters
[0.517s] Level 1:colcon.colcon_core.package_discovery:discover_packages(colcon_meta) discover
[0.517s] Level 1:colcon.colcon_core.package_discovery:discover_packages(recursive) discover
[0.517s] INFO:colcon.colcon_core.package_discovery:Crawling recursively for packages in '/root/px4_ros_com_ros2/src/rover_waypoint'
[0.517s] Level 1:colcon.colcon_core.package_identification:_identify(.) by extensions ['ignore', 'ignore_ament_install']
[0.518s] Level 1:colcon.colcon_core.package_identification:_identify(.) by extension 'ignore'
[0.518s] Level 1:colcon.colcon_core.package_identification:_identify(.) by extension 'ignore_ament_install'
[0.518s] Level 1:colcon.colcon_core.package_identification:_identify(.) by extensions ['colcon_pkg']
[0.518s] Level 1:colcon.colcon_core.package_identification:_identify(.) by extension 'colcon_pkg'
[0.518s] Level 1:colcon.colcon_core.package_identification:_identify(.) by extensions ['colcon_meta']
[0.518s] Level 1:colcon.colcon_core.package_identification:_identify(.) by extension 'colcon_meta'
[0.518s] Level 1:colcon.colcon_core.package_identification:_identify(.) by extensions ['ros']
[0.518s] Level 1:colcon.colcon_core.package_identification:_identify(.) by extension 'ros'
[0.539s] DEBUG:colcon.colcon_core.package_identification:Package '.' with type 'ros.ament_python' and name 'rover_waypoint'
[0.539s] Level 1:colcon.colcon_core.package_discovery:discover_packages(recursive) using defaults
[0.539s] Level 1:colcon.colcon_core.package_discovery:discover_packages(ignore) discover
[0.539s] Level 1:colcon.colcon_core.package_discovery:discover_packages(ignore) using defaults
[0.539s] Level 1:colcon.colcon_core.package_discovery:discover_packages(path) discover
[0.539s] Level 1:colcon.colcon_core.package_discovery:discover_packages(path) using defaults
[0.573s] Level 5:colcon.colcon_core.verb:set package 'rover_waypoint' build argument 'cmake_args' from command line to 'None'
[0.573s] Level 5:colcon.colcon_core.verb:set package 'rover_waypoint' build argument 'cmake_target' from command line to 'None'
[0.573s] Level 5:colcon.colcon_core.verb:set package 'rover_waypoint' build argument 'cmake_target_skip_unavailable' from command line to 'False'
[0.573s] Level 5:colcon.colcon_core.verb:set package 'rover_waypoint' build argument 'cmake_clean_cache' from command line to 'False'
[0.573s] Level 5:colcon.colcon_core.verb:set package 'rover_waypoint' build argument 'cmake_clean_first' from command line to 'False'
[0.573s] Level 5:colcon.colcon_core.verb:set package 'rover_waypoint' build argument 'cmake_force_configure' from command line to 'False'
[0.573s] Level 5:colcon.colcon_core.verb:set package 'rover_waypoint' build argument 'ament_cmake_args' from command line to 'None'
[0.573s] Level 5:colcon.colcon_core.verb:set package 'rover_waypoint' build argument 'catkin_cmake_args' from command line to 'None'
[0.573s] Level 5:colcon.colcon_core.verb:set package 'rover_waypoint' build argument 'catkin_skip_building_tests' from command line to 'False'
[0.574s] DEBUG:colcon.colcon_core.verb:Building package 'rover_waypoint' with the following arguments: {'ament_cmake_args': None, 'build_base': '/root/px4_ros_com_ros2/src/rover_waypoint/build/rover_waypoint', 'catkin_cmake_args': None, 'catkin_skip_building_tests': False, 'cmake_args': None, 'cmake_clean_cache': False, 'cmake_clean_first': False, 'cmake_force_configure': False, 'cmake_target': None, 'cmake_target_skip_unavailable': False, 'install_base': '/root/px4_ros_com_ros2/src/rover_waypoint/install/rover_waypoint', 'merge_install': False, 'path': '/root/px4_ros_com_ros2/src/rover_waypoint', 'symlink_install': False, 'test_result_base': None}
[0.574s] INFO:colcon.colcon_core.executor:Executing jobs using 'parallel' executor
[0.577s] DEBUG:colcon.colcon_parallel_executor.executor.parallel:run_until_complete
[0.577s] INFO:colcon.colcon_ros.task.ament_python.build:Building ROS package in '/root/px4_ros_com_ros2/src/rover_waypoint' with build type 'ament_python'
[0.578s] Level 1:colcon.colcon_core.shell:create_environment_hook('rover_waypoint', 'ament_prefix_path')
[0.583s] INFO:colcon.colcon_core.plugin_system:Skipping extension 'colcon_core.shell.bat': Not used on non-Windows systems
[0.583s] INFO:colcon.colcon_core.shell:Creating environment hook '/root/px4_ros_com_ros2/src/rover_waypoint/install/rover_waypoint/share/rover_waypoint/hook/ament_prefix_path.ps1'
[0.584s] INFO:colcon.colcon_core.shell:Creating environment descriptor '/root/px4_ros_com_ros2/src/rover_waypoint/install/rover_waypoint/share/rover_waypoint/hook/ament_prefix_path.dsv'
[0.585s] INFO:colcon.colcon_core.shell:Creating environment hook '/root/px4_ros_com_ros2/src/rover_waypoint/install/rover_waypoint/share/rover_waypoint/hook/ament_prefix_path.sh'
[0.586s] INFO:colcon.colcon_core.shell:Skip shell extension 'powershell' for command environment: Not usable outside of PowerShell
[0.586s] DEBUG:colcon.colcon_core.shell:Skip shell extension 'dsv' for command environment
[0.591s] DEBUG:colcon.colcon_core.shell:Ignoring prefix path '/opt/ros/galactic'
[0.991s] INFO:colcon.colcon_core.task.python.build:Building Python package in '/root/px4_ros_com_ros2/src/rover_waypoint'
[0.993s] INFO:colcon.colcon_core.shell:Skip shell extension 'powershell' for command environment: Not usable outside of PowerShell
[0.993s] DEBUG:colcon.colcon_core.shell:Skip shell extension 'dsv' for command environment
[0.997s] DEBUG:colcon.colcon_core.shell:Ignoring prefix path '/opt/ros/galactic'
[1.004s] DEBUG:colcon.colcon_core.event_handler.log_command:Invoking command in '/root/px4_ros_com_ros2/src/rover_waypoint': PYTHONPATH=/root/px4_ros_com_ros2/src/rover_waypoint/install/rover_waypoint/lib/python3.8/site-packages:${PYTHONPATH} /usr/bin/python3 setup.py egg_info --egg-base build/rover_waypoint build --build-base /root/px4_ros_com_ros2/src/rover_waypoint/build/rover_waypoint/build install --prefix /root/px4_ros_com_ros2/src/rover_waypoint/install/rover_waypoint --record /root/px4_ros_com_ros2/src/rover_waypoint/build/rover_waypoint/install.log --single-version-externally-managed
[1.465s] DEBUG:colcon.colcon_core.event_handler.log_command:Invoked command in '/root/px4_ros_com_ros2/src/rover_waypoint' returned '0': PYTHONPATH=/root/px4_ros_com_ros2/src/rover_waypoint/install/rover_waypoint/lib/python3.8/site-packages:${PYTHONPATH} /usr/bin/python3 setup.py egg_info --egg-base build/rover_waypoint build --build-base /root/px4_ros_com_ros2/src/rover_waypoint/build/rover_waypoint/build install --prefix /root/px4_ros_com_ros2/src/rover_waypoint/install/rover_waypoint --record /root/px4_ros_com_ros2/src/rover_waypoint/build/rover_waypoint/install.log --single-version-externally-managed
[1.470s] Level 1:colcon.colcon_core.environment:checking '/root/px4_ros_com_ros2/src/rover_waypoint/install/rover_waypoint' for CMake module files
[1.471s] Level 1:colcon.colcon_core.environment:checking '/root/px4_ros_com_ros2/src/rover_waypoint/install/rover_waypoint' for CMake config files
[1.472s] Level 1:colcon.colcon_core.environment:checking '/root/px4_ros_com_ros2/src/rover_waypoint/install/rover_waypoint/lib'
[1.472s] Level 1:colcon.colcon_core.environment:checking '/root/px4_ros_com_ros2/src/rover_waypoint/install/rover_waypoint/bin'
[1.472s] Level 1:colcon.colcon_core.environment:checking '/root/px4_ros_com_ros2/src/rover_waypoint/install/rover_waypoint/lib/pkgconfig/rover_waypoint.pc'
[1.473s] Level 1:colcon.colcon_core.environment:checking '/root/px4_ros_com_ros2/src/rover_waypoint/install/rover_waypoint/lib/python3.8/site-packages'
[1.473s] Level 1:colcon.colcon_core.shell:create_environment_hook('rover_waypoint', 'pythonpath')
[1.474s] INFO:colcon.colcon_core.shell:Creating environment hook '/root/px4_ros_com_ros2/src/rover_waypoint/install/rover_waypoint/share/rover_waypoint/hook/pythonpath.ps1'
[1.474s] INFO:colcon.colcon_core.shell:Creating environment descriptor '/root/px4_ros_com_ros2/src/rover_waypoint/install/rover_waypoint/share/rover_waypoint/hook/pythonpath.dsv'
[1.475s] INFO:colcon.colcon_core.shell:Creating environment hook '/root/px4_ros_com_ros2/src/rover_waypoint/install/rover_waypoint/share/rover_waypoint/hook/pythonpath.sh'
[1.475s] Level 1:colcon.colcon_core.environment:create_environment_scripts_only(rover_waypoint)
[1.477s] INFO:colcon.colcon_core.shell:Creating package script '/root/px4_ros_com_ros2/src/rover_waypoint/install/rover_waypoint/share/rover_waypoint/package.ps1'
[1.478s] INFO:colcon.colcon_core.shell:Creating package descriptor '/root/px4_ros_com_ros2/src/rover_waypoint/install/rover_waypoint/share/rover_waypoint/package.dsv'
[1.479s] INFO:colcon.colcon_core.shell:Creating package script '/root/px4_ros_com_ros2/src/rover_waypoint/install/rover_waypoint/share/rover_waypoint/package.sh'
[1.480s] INFO:colcon.colcon_core.shell:Creating package script '/root/px4_ros_com_ros2/src/rover_waypoint/install/rover_waypoint/share/rover_waypoint/package.bash'
[1.481s] INFO:colcon.colcon_core.shell:Creating package script '/root/px4_ros_com_ros2/src/rover_waypoint/install/rover_waypoint/share/rover_waypoint/package.zsh'
[1.484s] Level 1:colcon.colcon_core.environment:create_file_with_runtime_dependencies(/root/px4_ros_com_ros2/src/rover_waypoint/install/rover_waypoint/share/colcon-core/packages/rover_waypoint)
[1.484s] DEBUG:colcon.colcon_parallel_executor.executor.parallel:closing loop
[1.485s] DEBUG:colcon.colcon_parallel_executor.executor.parallel:loop closed
[1.485s] DEBUG:colcon.colcon_parallel_executor.executor.parallel:run_until_complete finished with '0'
[1.486s] DEBUG:colcon.colcon_core.event_reactor:joining thread
[1.493s] INFO:colcon.colcon_core.plugin_system:Skipping extension 'colcon_notification.desktop_notification.notify_send': Could not find 'notify-send'
[1.494s] INFO:colcon.colcon_core.plugin_system:Skipping extension 'colcon_notification.desktop_notification.terminal_notifier': Not used on non-Darwin systems
[1.494s] INFO:colcon.colcon_core.plugin_system:Skipping extension 'colcon_notification.desktop_notification.win32': Not used on non-Windows systems
[1.494s] INFO:colcon.colcon_notification.desktop_notification:Sending desktop notification using 'notify2'
[1.496s] DEBUG:colcon.colcon_notification.desktop_notification.notify2:Failed to initialize notify2: org.freedesktop.DBus.Error.Spawn.ExecFailed: /usr/bin/dbus-launch terminated abnormally without any error message
[1.497s] DEBUG:colcon.colcon_core.event_reactor:joined thread
[1.498s] INFO:colcon.colcon_core.shell:Creating prefix script '/root/px4_ros_com_ros2/src/rover_waypoint/install/local_setup.ps1'
[1.500s] INFO:colcon.colcon_core.shell:Creating prefix util module '/root/px4_ros_com_ros2/src/rover_waypoint/install/_local_setup_util_ps1.py'
[1.503s] INFO:colcon.colcon_core.shell:Creating prefix chain script '/root/px4_ros_com_ros2/src/rover_waypoint/install/setup.ps1'
[1.508s] INFO:colcon.colcon_core.shell:Creating prefix script '/root/px4_ros_com_ros2/src/rover_waypoint/install/local_setup.sh'
[1.509s] INFO:colcon.colcon_core.shell:Creating prefix util module '/root/px4_ros_com_ros2/src/rover_waypoint/install/_local_setup_util_sh.py'
[1.510s] INFO:colcon.colcon_core.shell:Creating prefix chain script '/root/px4_ros_com_ros2/src/rover_waypoint/install/setup.sh'
[1.514s] INFO:colcon.colcon_core.shell:Creating prefix script '/root/px4_ros_com_ros2/src/rover_waypoint/install/local_setup.bash'
[1.515s] INFO:colcon.colcon_core.shell:Creating prefix chain script '/root/px4_ros_com_ros2/src/rover_waypoint/install/setup.bash'
[1.520s] INFO:colcon.colcon_core.shell:Creating prefix script '/root/px4_ros_com_ros2/src/rover_waypoint/install/local_setup.zsh'
[1.521s] INFO:colcon.colcon_core.shell:Creating prefix chain script '/root/px4_ros_com_ros2/src/rover_waypoint/install/setup.zsh'
