/root/px4_ros_com_ros2/src/rover_waypoint/install/rover_waypoint/lib/python3.8/site-packages/rover_waypoint/hello.py
/root/px4_ros_com_ros2/src/rover_waypoint/install/rover_waypoint/lib/python3.8/site-packages/rover_waypoint/move_rover_forward.py
/root/px4_ros_com_ros2/src/rover_waypoint/install/rover_waypoint/lib/python3.8/site-packages/rover_waypoint/safety.py
/root/px4_ros_com_ros2/src/rover_waypoint/install/rover_waypoint/lib/python3.8/site-packages/rover_waypoint/__init__.py
/root/px4_ros_com_ros2/src/rover_waypoint/install/rover_waypoint/lib/python3.8/site-packages/rover_waypoint/move_waypoint.py
/root/px4_ros_com_ros2/src/rover_waypoint/install/rover_waypoint/lib/python3.8/site-packages/rover_waypoint/__pycache__/hello.cpython-38.pyc
/root/px4_ros_com_ros2/src/rover_waypoint/install/rover_waypoint/lib/python3.8/site-packages/rover_waypoint/__pycache__/move_rover_forward.cpython-38.pyc
/root/px4_ros_com_ros2/src/rover_waypoint/install/rover_waypoint/lib/python3.8/site-packages/rover_waypoint/__pycache__/safety.cpython-38.pyc
/root/px4_ros_com_ros2/src/rover_waypoint/install/rover_waypoint/lib/python3.8/site-packages/rover_waypoint/__pycache__/__init__.cpython-38.pyc
/root/px4_ros_com_ros2/src/rover_waypoint/install/rover_waypoint/lib/python3.8/site-packages/rover_waypoint/__pycache__/move_waypoint.cpython-38.pyc
/root/px4_ros_com_ros2/src/rover_waypoint/install/rover_waypoint/share/ament_index/resource_index/packages/rover_waypoint
/root/px4_ros_com_ros2/src/rover_waypoint/install/rover_waypoint/share/rover_waypoint/package.xml
/root/px4_ros_com_ros2/src/rover_waypoint/install/rover_waypoint/lib/python3.8/site-packages/rover_waypoint-0.0.0-py3.8.egg-info/SOURCES.txt
/root/px4_ros_com_ros2/src/rover_waypoint/install/rover_waypoint/lib/python3.8/site-packages/rover_waypoint-0.0.0-py3.8.egg-info/top_level.txt
/root/px4_ros_com_ros2/src/rover_waypoint/install/rover_waypoint/lib/python3.8/site-packages/rover_waypoint-0.0.0-py3.8.egg-info/dependency_links.txt
/root/px4_ros_com_ros2/src/rover_waypoint/install/rover_waypoint/lib/python3.8/site-packages/rover_waypoint-0.0.0-py3.8.egg-info/requires.txt
/root/px4_ros_com_ros2/src/rover_waypoint/install/rover_waypoint/lib/python3.8/site-packages/rover_waypoint-0.0.0-py3.8.egg-info/PKG-INFO
/root/px4_ros_com_ros2/src/rover_waypoint/install/rover_waypoint/lib/python3.8/site-packages/rover_waypoint-0.0.0-py3.8.egg-info/zip-safe
/root/px4_ros_com_ros2/src/rover_waypoint/install/rover_waypoint/lib/python3.8/site-packages/rover_waypoint-0.0.0-py3.8.egg-info/entry_points.txt
/root/px4_ros_com_ros2/src/rover_waypoint/install/rover_waypoint/lib/rover_waypoint/hello_node
/root/px4_ros_com_ros2/src/rover_waypoint/install/rover_waypoint/lib/rover_waypoint/joystick_safety
/root/px4_ros_com_ros2/src/rover_waypoint/install/rover_waypoint/lib/rover_waypoint/move_forward
/root/px4_ros_com_ros2/src/rover_waypoint/install/rover_waypoint/lib/rover_waypoint/move_waypoint
