[0.397s] Invoking command in '/root/px4_ros_com_ros2/src/rover_waypoint': PYTHONPATH=/root/px4_ros_com_ros2/src/rover_waypoint/install/rover_waypoint/lib/python3.8/site-packages:${PYTHONPATH} /usr/bin/python3 setup.py egg_info --egg-base build/rover_waypoint build --build-base /root/px4_ros_com_ros2/src/rover_waypoint/build/rover_waypoint/build install --prefix /root/px4_ros_com_ros2/src/rover_waypoint/install/rover_waypoint --record /root/px4_ros_com_ros2/src/rover_waypoint/build/rover_waypoint/install.log --single-version-externally-managed
[0.772s] running egg_info
[0.773s] writing build/rover_waypoint/rover_waypoint.egg-info/PKG-INFO
[0.773s] writing dependency_links to build/rover_waypoint/rover_waypoint.egg-info/dependency_links.txt
[0.774s] writing entry points to build/rover_waypoint/rover_waypoint.egg-info/entry_points.txt
[0.774s] writing requirements to build/rover_waypoint/rover_waypoint.egg-info/requires.txt
[0.774s] writing top-level names to build/rover_waypoint/rover_waypoint.egg-info/top_level.txt
[0.777s] reading manifest file 'build/rover_waypoint/rover_waypoint.egg-info/SOURCES.txt'
[0.779s] writing manifest file 'build/rover_waypoint/rover_waypoint.egg-info/SOURCES.txt'
[0.779s] running build
[0.780s] running build_py
[0.780s] copying rover_waypoint/move_waypoint.py -> /root/px4_ros_com_ros2/src/rover_waypoint/build/rover_waypoint/build/lib/rover_waypoint
[0.780s] running install
[0.781s] running install_lib
[0.783s] copying /root/px4_ros_com_ros2/src/rover_waypoint/build/rover_waypoint/build/lib/rover_waypoint/move_waypoint.py -> /root/px4_ros_com_ros2/src/rover_waypoint/install/rover_waypoint/lib/python3.8/site-packages/rover_waypoint
[0.784s] byte-compiling /root/px4_ros_com_ros2/src/rover_waypoint/install/rover_waypoint/lib/python3.8/site-packages/rover_waypoint/move_waypoint.py to move_waypoint.cpython-38.pyc
[0.785s] running install_data
[0.786s] running install_egg_info
[0.788s] removing '/root/px4_ros_com_ros2/src/rover_waypoint/install/rover_waypoint/lib/python3.8/site-packages/rover_waypoint-0.0.0-py3.8.egg-info' (and everything under it)
[0.788s] Copying build/rover_waypoint/rover_waypoint.egg-info to /root/px4_ros_com_ros2/src/rover_waypoint/install/rover_waypoint/lib/python3.8/site-packages/rover_waypoint-0.0.0-py3.8.egg-info
[0.789s] running install_scripts
[0.814s] Installing hello_node script to /root/px4_ros_com_ros2/src/rover_waypoint/install/rover_waypoint/lib/rover_waypoint
[0.814s] Installing joystick_safety script to /root/px4_ros_com_ros2/src/rover_waypoint/install/rover_waypoint/lib/rover_waypoint
[0.814s] Installing move_forward script to /root/px4_ros_com_ros2/src/rover_waypoint/install/rover_waypoint/lib/rover_waypoint
[0.814s] Installing move_waypoint script to /root/px4_ros_com_ros2/src/rover_waypoint/install/rover_waypoint/lib/rover_waypoint
[0.815s] writing list of installed files to '/root/px4_ros_com_ros2/src/rover_waypoint/build/rover_waypoint/install.log'
[0.839s] Invoked command in '/root/px4_ros_com_ros2/src/rover_waypoint' returned '0': PYTHONPATH=/root/px4_ros_com_ros2/src/rover_waypoint/install/rover_waypoint/lib/python3.8/site-packages:${PYTHONPATH} /usr/bin/python3 setup.py egg_info --egg-base build/rover_waypoint build --build-base /root/px4_ros_com_ros2/src/rover_waypoint/build/rover_waypoint/build install --prefix /root/px4_ros_com_ros2/src/rover_waypoint/install/rover_waypoint --record /root/px4_ros_com_ros2/src/rover_waypoint/build/rover_waypoint/install.log --single-version-externally-managed
